PRT1
68
197
4 0 2 (1152 1024 -904 ) (1152 1024 672 ) (1024 1024 672 ) (1024 1024 -904 ) 
4 0 1 (1024 1024 -904 ) (1024 1024 672 ) (1024 1280 672 ) (1024 1280 -904 ) 
4 1 13 (0 1024 -904 ) (0 1024 672 ) (0 1280 672 ) (0 1280 -904 ) 
4 1 7 (352 1024 672 ) (0 1024 672 ) (0 1024 -904 ) (352 1024 -904 ) 
4 1 4 (354 1024 672 ) (352 1024 672 ) (352 1024 -904 ) (354 1024 -904 ) 
4 1 3 (1024 1024 -904 ) (1024 1024 672 ) (354 1024 672 ) (354 1024 -904 ) 
4 2 34 (1152 0 -904 ) (1152 0 672 ) (1024 0 672 ) (1024 0 -904 ) 
4 2 3 (1024 1024 672 ) (1024 1024 -904 ) (1024 0 -904 ) (1024 0 672 ) 
4 3 35 (1024 0 -904 ) (1024 0 672 ) (354 0 672 ) (354 0 -904 ) 
4 3 6 (354 480 -904 ) (354 0 -904 ) (354 0 -416 ) (354 480 -416 ) 
4 3 5 (354 0 -416 ) (354 0 672 ) (354 480 672 ) (354 480 -416 ) 
4 3 4 (354 1024 -904 ) (354 480 -904 ) (354 480 672 ) (354 1024 672 ) 
4 4 9 (352 482 -904 ) (352 480 -904 ) (352 480 -240 ) (352 482 -240 ) 
4 4 8 (352 480 -240 ) (352 480 672 ) (352 482 672 ) (352 482 -240 ) 
4 4 7 (352 1024 -904 ) (352 482 -904 ) (352 482 672 ) (352 1024 672 ) 
4 4 6 (352 480 -416 ) (352 480 -904 ) (354 480 -904 ) (354 480 -416 ) 
4 4 5 (352 480 672 ) (352 480 -416 ) (354 480 -416 ) (354 480 672 ) 
4 5 36 (354 0 672 ) (352 0 672 ) (352 0 -416 ) (354 0 -416 ) 
3 5 11 (352 480 -240 ) (352 480 -416 ) (352 402 -416 ) 
5 5 10 (352 0 -416 ) (352 0 672 ) (352 480 672 ) (352 480 -240 ) (352 402 -416 ) 
4 5 6 (352 0 -416 ) (352 480 -416 ) (354 480 -416 ) (354 0 -416 ) 
4 6 37 (352 0 -416 ) (352 0 -904 ) (354 0 -904 ) (354 0 -416 ) 
4 6 12 (352 480 -904 ) (352 0 -904 ) (352 0 -416 ) (352 480 -416 ) 
4 7 22 (0 1024 -512 ) (0 1024 -904 ) (0 482 -904 ) (0 482 -512 ) 
4 7 20 (0 1024 -496 ) (0 1024 -512 ) (0 482 -512 ) (0 482 -496 ) 
4 7 14 (0 482 672 ) (0 1024 672 ) (0 1024 -496 ) (0 482 -496 ) 
4 7 9 (0 482 -904 ) (352 482 -904 ) (352 482 -240 ) (0 482 -240 ) 
4 7 8 (352 482 -240 ) (352 482 672 ) (0 482 672 ) (0 482 -240 ) 
4 8 15 (0 480 672 ) (0 482 672 ) (0 482 -240 ) (0 480 -240 ) 
4 8 10 (352 480 -240 ) (352 480 672 ) (0 480 672 ) (0 480 -240 ) 
4 8 9 (352 480 -240 ) (0 480 -240 ) (0 482 -240 ) (352 482 -240 ) 
4 9 22 (0 482 -512 ) (0 482 -904 ) (0 480 -904 ) (0 480 -512 ) 
4 9 20 (0 482 -496 ) (0 482 -512 ) (0 480 -512 ) (0 480 -496 ) 
4 9 16 (0 482 -240 ) (0 482 -496 ) (0 480 -496 ) (0 480 -240 ) 
4 9 11 (352 480 -416 ) (352 480 -240 ) (0 480 -240 ) (0 480 -416 ) 
4 9 12 (0 480 -904 ) (352 480 -904 ) (352 480 -416 ) (0 480 -416 ) 
4 10 39 (352 0 672 ) (0 0 672 ) (0 0 -416 ) (352 0 -416 ) 
5 10 17 (0 0 -416 ) (0 0 672 ) (0 480 672 ) (0 480 -240 ) (0 402 -416 ) 
4 10 12 (352 402 -416 ) (352 0 -416 ) (0 0 -416 ) (0 402 -416 ) 
4 10 11 (352 401.998047 -416 ) (0 401.998047 -416 ) (0 480 -239.995834 ) (352 480 -239.995834 ) 
3 11 18 (0 480 -240 ) (0 480 -416 ) (0 402 -416 ) 
4 11 12 (0 480 -416 ) (352 480 -416 ) (352 402 -416 ) (0 402 -416 ) 
4 12 41 (0 0 -416 ) (0 0 -904 ) (352 0 -904 ) (352 0 -416 ) 
4 12 22 (0 0 -904 ) (0 0 -512 ) (0 480 -512 ) (0 480 -904 ) 
4 12 20 (0 0 -512 ) (0 0 -496 ) (0 480 -496 ) (0 480 -512 ) 
4 12 19 (0 0 -496 ) (0 0 -416 ) (0 480 -416 ) (0 480 -496 ) 
4 13 23 (-1024 1024 -904 ) (-1024 1024 672 ) (-1024 1280 672 ) (-1024 1280 -904 ) 
4 13 22 (0 1024 -904 ) (0 1024 -512 ) (-1024 1024 -512 ) (-1024 1024 -904 ) 
4 13 21 (-640 1024 -496 ) (-1024 1024 -496 ) (-1024 1024 -512 ) (-640 1024 -512 ) 
4 13 20 (0 1024 -512 ) (0 1024 -496 ) (-640 1024 -496 ) (-640 1024 -512 ) 
4 13 14 (0 1024 -496 ) (0 1024 672 ) (-1024 1024 672 ) (-1024 1024 -496 ) 
4 14 24 (-1024 482 672 ) (-1024 1024 672 ) (-1024 1024 -496 ) (-1024 482 -496 ) 
4 14 21 (-640 482 -496 ) (-1024 482 -496 ) (-1024 1024 -496 ) (-640 1024 -496 ) 
4 14 20 (0 1024 -496 ) (0 482 -496 ) (-640 482 -496 ) (-640 1024 -496 ) 
4 14 16 (-1024 482 -496 ) (0 482 -496 ) (0 482 -240 ) (-1024 482 -240 ) 
4 14 15 (0 482 -240 ) (0 482 672 ) (-1024 482 672 ) (-1024 482 -240 ) 
4 15 25 (-1024 480 672 ) (-1024 482 672 ) (-1024 482 -240 ) (-1024 480 -240 ) 
4 15 17 (0 480 -240 ) (0 480 672 ) (-1024 480 672 ) (-1024 480 -240 ) 
4 15 16 (0 480 -240 ) (-1024 480 -240 ) (-1024 482 -240 ) (0 482 -240 ) 
4 16 26 (-1024 482 -240 ) (-1024 482 -496 ) (-1024 480 -496 ) (-1024 480 -240 ) 
4 16 21 (-640 480 -496 ) (-1024 480 -496 ) (-1024 482 -496 ) (-640 482 -496 ) 
4 16 20 (0 482 -496 ) (0 480 -496 ) (-640 480 -496 ) (-640 482 -496 ) 
4 16 18 (0 480 -416 ) (0 480 -240 ) (-1024 480 -240 ) (-1024 480 -416 ) 
4 16 19 (-1024 480 -496 ) (0 480 -496 ) (0 480 -416 ) (-1024 480 -416 ) 
4 17 47 (0 0 -416 ) (0 0 672 ) (-1024 0 672 ) (-1024 0 -416 ) 
5 17 27 (-1024 0 -416 ) (-1024 0 672 ) (-1024 480 672 ) (-1024 480 -240 ) (-1024 402 -416 ) 
4 17 19 (0 402 -416 ) (0 0 -416 ) (-1024 0 -416 ) (-1024 402 -416 ) 
4 17 18 (0 401.998047 -416 ) (-1024 401.998047 -416 ) (-1024 480 -239.995834 ) (0 480 -239.995834 ) 
3 18 29 (-1024 480 -240 ) (-1024 480 -416 ) (-1024 402 -416 ) 
4 18 19 (-1024 480 -416 ) (0 480 -416 ) (0 402 -416 ) (-1024 402 -416 ) 
4 19 49 (0 0 -496 ) (0 0 -416 ) (-1024 0 -416 ) (-1024 0 -496 ) 
4 19 30 (-1024 402 -416 ) (-1024 480 -416 ) (-1024 480 -496 ) (-1024 366.545471 -496 ) 
4 19 27 (-1024 0 -496 ) (-1024 0 -416 ) (-1024 402 -416 ) (-1024 366.545471 -496 ) 
4 19 21 (-1024 386 -496 ) (-1024 480 -496 ) (-640 480 -496 ) (-640 386 -496 ) 
4 19 20 (0 480 -496 ) (0 0 -496 ) (-640 0 -496 ) (-640 480 -496 ) 
4 20 53 (0 0 -512 ) (0 0 -496 ) (-640 0 -496 ) (-640 0 -512 ) 
4 20 22 (0 0 -512 ) (-640 0 -512 ) (-640 1024 -512 ) (0 1024 -512 ) 
4 20 21 (-640 1024 -512 ) (-640 386 -512 ) (-640 386 -496 ) (-640 1024 -496 ) 
4 21 31 (-1024 386 -496 ) (-1024 1024 -496 ) (-1024 1024 -512 ) (-1024 386 -512 ) 
4 21 22 (-1024 386 -512 ) (-1024 1024 -512 ) (-640 1024 -512 ) (-640 386 -512 ) 
4 22 55 (0 0 -904 ) (0 0 -512 ) (-1024 0 -512 ) (-1024 0 -904 ) 
4 22 32 (-1024 0 -904 ) (-1024 0 -512 ) (-1024 386 -512 ) (-1024 386 -904 ) 
4 22 31 (-1024 386 -512 ) (-1024 1024 -512 ) (-1024 1024 -904 ) (-1024 386 -904 ) 
4 23 31 (-1024 1024 -904 ) (-1024 1024 -496 ) (-1152 1024 -496 ) (-1152 1024 -904 ) 
4 23 24 (-1024 1024 -496 ) (-1024 1024 672 ) (-1152 1024 672 ) (-1152 1024 -496 ) 
4 24 31 (-1152 482 -496 ) (-1152 1024 -496 ) (-1024 1024 -496 ) (-1024 482 -496 ) 
4 24 26 (-1152 482 -496 ) (-1024 482 -496 ) (-1024 482 -240 ) (-1152 482 -240 ) 
4 24 25 (-1024 482 -240 ) (-1024 482 672 ) (-1152 482 672 ) (-1152 482 -240 ) 
4 25 28 (-1132 480 672 ) (-1152 480 672 ) (-1152 480 -240 ) (-1132 480 -240 ) 
4 25 27 (-1024 480 -240 ) (-1024 480 672 ) (-1132 480 672 ) (-1132 480 -240 ) 
4 25 26 (-1024 480 -240 ) (-1152 480 -240 ) (-1152 482 -240 ) (-1024 482 -240 ) 
4 26 31 (-1152 480 -496 ) (-1152 482 -496 ) (-1024 482 -496 ) (-1024 480 -496 ) 
4 26 30 (-1152 480 -496 ) (-1024 480 -496 ) (-1024 480 -416 ) (-1152 480 -416 ) 
4 26 29 (-1024 480 -416 ) (-1024 480 -240 ) (-1152 480 -240 ) (-1152 480 -416 ) 
4 27 56 (-1024 0 -496 ) (-1024 0 672 ) (-1152 0 672 ) (-1152 0 -496 ) 
4 27 33 (-1152 0 -176 ) (-1152 0 112 ) (-1152 144 112 ) (-1152 144 -176 ) 
4 27 30 (-1024 366.543335 -496 ) (-1152 366.543335 -496 ) (-1152 401.998016 -416 ) (-1024 401.997986 -416 ) 
5 27 29 (-1152 401.998016 -416 ) (-1152 460 -285.123962 ) (-1132 480 -239.996094 ) (-1024 480 -239.996094 ) (-1024 401.997986 -416 ) 
4 27 28 (-1132 480 672 ) (-1132 480 -239.996094 ) (-1152 460 -285.124298 ) (-1152 460 672 ) 
3 28 29 (-1152 460 -285.123962 ) (-1152 480 -239.996094 ) (-1132 480 -239.996094 ) 
4 29 30 (-1024 402 -416 ) (-1152 402 -416 ) (-1152 480 -416 ) (-1024 480 -416 ) 
4 30 31 (-1152 386 -496 ) (-1152 480 -496 ) (-1024 480 -496 ) (-1024 386 -496 ) 
4 31 32 (-1152 386 -904 ) (-1024 386 -904 ) (-1024 386 -512 ) (-1152 386 -512 ) 
4 32 63 (-1024 0 -904 ) (-1024 0 -512 ) (-1152 0 -512 ) (-1152 0 -904 ) 
4 33 65 (-1152 0 -176 ) (-1152 0 112 ) (-1472 0 112 ) (-1472 0 -176 ) 
4 34 45 (1152 -1024 -904 ) (1152 -1024 672 ) (1024 -1024 672 ) (1024 -1024 -904 ) 
4 34 35 (1024 -1024 -904 ) (1024 -1024 672 ) (1024 0 672 ) (1024 0 -904 ) 
4 35 46 (1024 -1024 -904 ) (1024 -1024 672 ) (354 -1024 672 ) (354 -1024 -904 ) 
4 35 37 (354 0 -904 ) (354 -480 -904 ) (354 -480 -416 ) (354 0 -416 ) 
4 35 36 (354 -480 -416 ) (354 -480 672 ) (354 0 672 ) (354 0 -416 ) 
4 35 38 (354 -480 -904 ) (354 -1024 -904 ) (354 -1024 672 ) (354 -480 672 ) 
3 36 40 (352 -480 -416 ) (352 -480 -240 ) (352 -402 -416 ) 
5 36 39 (352 -480 -240 ) (352 -480 672 ) (352 0 672 ) (352 0 -416 ) (352 -402 -416 ) 
4 36 38 (352 -480 672 ) (352 -480 -416 ) (354 -480 -416 ) (354 -480 672 ) 
4 36 37 (354 -480 -416 ) (352 -480 -416 ) (352 0 -416 ) (354 0 -416 ) 
4 37 41 (352 0 -904 ) (352 -480 -904 ) (352 -480 -416 ) (352 0 -416 ) 
4 37 38 (352 -480 -416 ) (352 -480 -904 ) (354 -480 -904 ) (354 -480 -416 ) 
4 38 46 (354 -1024 672 ) (352 -1024 672 ) (352 -1024 -904 ) (354 -1024 -904 ) 
4 38 43 (352 -480 -904 ) (352 -482 -904 ) (352 -482 -240 ) (352 -480 -240 ) 
4 38 42 (352 -482 -240 ) (352 -482 672 ) (352 -480 672 ) (352 -480 -240 ) 
4 38 44 (352 -482 -904 ) (352 -1024 -904 ) (352 -1024 672 ) (352 -482 672 ) 
5 39 47 (0 0 672 ) (0 0 -416 ) (0 -402 -416 ) (0 -480 -240 ) (0 -480 672 ) 
4 39 42 (352 -480 -240 ) (352 -480 672 ) (0 -480 672 ) (0 -480 -240 ) 
4 39 41 (0 -402 -416 ) (0 0 -416 ) (352 0 -416 ) (352 -402 -416 ) 
4 39 40 (0 -401.998047 -416 ) (352 -401.998047 -416 ) (352 -480 -239.995834 ) (0 -480 -239.995834 ) 
3 40 48 (0 -402 -416 ) (0 -480 -416 ) (0 -480 -240 ) 
4 40 43 (352 -480 -416 ) (352 -480 -240 ) (0 -480 -240 ) (0 -480 -416 ) 
4 40 41 (352 -480 -416 ) (0 -480 -416 ) (0 -402 -416 ) (352 -402 -416 ) 
4 41 55 (0 0 -512 ) (0 0 -904 ) (0 -480 -904 ) (0 -480 -512 ) 
4 41 53 (0 0 -496 ) (0 0 -512 ) (0 -480 -512 ) (0 -480 -496 ) 
4 41 49 (0 0 -416 ) (0 0 -496 ) (0 -480 -496 ) (0 -480 -416 ) 
4 41 43 (0 -480 -904 ) (352 -480 -904 ) (352 -480 -416 ) (0 -480 -416 ) 
4 42 50 (0 -482 -240 ) (0 -482 672 ) (0 -480 672 ) (0 -480 -240 ) 
4 42 44 (352 -482 -240 ) (352 -482 672 ) (0 -482 672 ) (0 -482 -240 ) 
4 42 43 (352 -482 -240 ) (0 -482 -240 ) (0 -480 -240 ) (352 -480 -240 ) 
4 43 55 (0 -480 -904 ) (0 -482 -904 ) (0 -482 -512 ) (0 -480 -512 ) 
4 43 53 (0 -482 -512 ) (0 -482 -496 ) (0 -480 -496 ) (0 -480 -512 ) 
4 43 51 (0 -482 -496 ) (0 -482 -240 ) (0 -480 -240 ) (0 -480 -496 ) 
4 43 44 (0 -482 -904 ) (352 -482 -904 ) (352 -482 -240 ) (0 -482 -240 ) 
4 44 55 (0 -482 -904 ) (0 -1024 -904 ) (0 -1024 -512 ) (0 -482 -512 ) 
4 44 53 (0 -1024 -512 ) (0 -1024 -496 ) (0 -482 -496 ) (0 -482 -512 ) 
4 44 52 (0 -1024 -496 ) (0 -1024 672 ) (0 -482 672 ) (0 -482 -496 ) 
4 44 46 (352 -1024 672 ) (0 -1024 672 ) (0 -1024 -904 ) (352 -1024 -904 ) 
4 45 46 (1024 -1024 672 ) (1024 -1024 -904 ) (1024 -1280 -904 ) (1024 -1280 672 ) 
4 46 66 (0 -1280 -904 ) (0 -1280 672 ) (0 -1024 672 ) (0 -1024 -904 ) 
5 47 56 (-1024 0 672 ) (-1024 0 -416 ) (-1024 -402 -416 ) (-1024 -480 -240 ) (-1024 -480 672 ) 
4 47 50 (0 -480 -240 ) (0 -480 672 ) (-1024 -480 672 ) (-1024 -480 -240 ) 
4 47 49 (-1024 -402 -416 ) (-1024 0 -416 ) (0 0 -416 ) (0 -402 -416 ) 
4 47 48 (-1024 -401.998047 -416 ) (0 -401.998047 -416 ) (0 -480 -239.995834 ) (-1024 -480 -239.995834 ) 
3 48 58 (-1024 -402 -416 ) (-1024 -480 -416 ) (-1024 -480 -240 ) 
4 48 51 (0 -480 -416 ) (0 -480 -240 ) (-1024 -480 -240 ) (-1024 -480 -416 ) 
4 48 49 (0 -480 -416 ) (-1024 -480 -416 ) (-1024 -402 -416 ) (0 -402 -416 ) 
4 49 59 (-1024 -366.545441 -496 ) (-1024 -480 -496 ) (-1024 -480 -416 ) (-1024 -402 -416 ) 
4 49 56 (-1024 0 -416 ) (-1024 0 -496 ) (-1024 -366.545441 -496 ) (-1024 -402 -416 ) 
4 49 54 (-1024 -480 -496 ) (-1024 -384 -496 ) (-640 -384 -496 ) (-640 -480 -496 ) 
4 49 53 (-640 0 -496 ) (0 0 -496 ) (0 -480 -496 ) (-640 -480 -496 ) 
4 49 51 (-1024 -480 -496 ) (0 -480 -496 ) (0 -480 -416 ) (-1024 -480 -416 ) 
4 50 60 (-1024 -482 -240 ) (-1024 -482 672 ) (-1024 -480 672 ) (-1024 -480 -240 ) 
4 50 52 (0 -482 -240 ) (0 -482 672 ) (-1024 -482 672 ) (-1024 -482 -240 ) 
4 50 51 (0 -482 -240 ) (-1024 -482 -240 ) (-1024 -480 -240 ) (0 -480 -240 ) 
4 51 61 (-1024 -480 -496 ) (-1024 -482 -496 ) (-1024 -482 -240 ) (-1024 -480 -240 ) 
4 51 54 (-1024 -482 -496 ) (-1024 -480 -496 ) (-640 -480 -496 ) (-640 -482 -496 ) 
4 51 53 (-640 -480 -496 ) (0 -480 -496 ) (0 -482 -496 ) (-640 -482 -496 ) 
4 51 52 (-1024 -482 -496 ) (0 -482 -496 ) (0 -482 -240 ) (-1024 -482 -240 ) 
4 52 66 (0 -1024 -496 ) (0 -1024 672 ) (-1024 -1024 672 ) (-1024 -1024 -496 ) 
4 52 62 (-1024 -482 -496 ) (-1024 -1024 -496 ) (-1024 -1024 672 ) (-1024 -482 672 ) 
4 52 54 (-1024 -1024 -496 ) (-1024 -482 -496 ) (-640 -482 -496 ) (-640 -1024 -496 ) 
4 52 53 (-640 -482 -496 ) (0 -482 -496 ) (0 -1024 -496 ) (-640 -1024 -496 ) 
4 53 66 (0 -1024 -512 ) (0 -1024 -496 ) (-640 -1024 -496 ) (-640 -1024 -512 ) 
4 53 55 (0 -1024 -512 ) (-640 -1024 -512 ) (-640 0 -512 ) (0 0 -512 ) 
4 53 54 (-640 -384 -512 ) (-640 -1024 -512 ) (-640 -1024 -496 ) (-640 -384 -496 ) 
4 54 66 (-640 -1024 -496 ) (-1024 -1024 -496 ) (-1024 -1024 -512 ) (-640 -1024 -512 ) 
4 54 64 (-1024 -384 -512 ) (-1024 -1024 -512 ) (-1024 -1024 -496 ) (-1024 -384 -496 ) 
4 54 55 (-640 -1024 -512 ) (-1024 -1024 -512 ) (-1024 -384 -512 ) (-640 -384 -512 ) 
4 55 66 (0 -1024 -904 ) (0 -1024 -512 ) (-1024 -1024 -512 ) (-1024 -1024 -904 ) 
4 55 63 (-1024 0 -512 ) (-1024 0 -904 ) (-1024 -384 -904 ) (-1024 -384 -512 ) 
4 55 64 (-1024 -384 -904 ) (-1024 -1024 -904 ) (-1024 -1024 -512 ) (-1024 -384 -512 ) 
4 56 65 (-1152 0 112 ) (-1152 0 -176 ) (-1152 -144 -176 ) (-1152 -144 112 ) 
4 56 60 (-1024 -480 -240 ) (-1024 -480 672 ) (-1132 -480 672 ) (-1132 -480 -240 ) 
4 56 59 (-1152 -366.543365 -496 ) (-1024 -366.543365 -496 ) (-1024 -401.998016 -416 ) (-1152 -401.998016 -416 ) 
5 56 58 (-1024 -401.998016 -416 ) (-1024 -480 -239.996094 ) (-1132 -480 -239.996094 ) (-1152 -460 -285.124329 ) (-1152 -401.998016 -416 ) 
4 56 57 (-1152 -460 -285.131989 ) (-1132 -480 -240.003906 ) (-1132 -480 672 ) (-1152 -460 672 ) 
4 57 60 (-1132 -480 672 ) (-1152 -480 672 ) (-1152 -480 -240 ) (-1132 -480 -240 ) 
3 57 58 (-1132 -480 -239.996094 ) (-1152 -480 -239.996094 ) (-1152 -460 -285.124329 ) 
4 58 61 (-1024 -480 -416 ) (-1024 -480 -240 ) (-1152 -480 -240 ) (-1152 -480 -416 ) 
4 58 59 (-1024 -480 -416 ) (-1152 -480 -416 ) (-1152 -402 -416 ) (-1024 -402 -416 ) 
4 59 64 (-1152 -480 -496 ) (-1152 -384 -496 ) (-1024 -384 -496 ) (-1024 -480 -496 ) 
4 59 61 (-1152 -480 -496 ) (-1024 -480 -496 ) (-1024 -480 -416 ) (-1152 -480 -416 ) 
4 60 62 (-1024 -482 -240 ) (-1024 -482 672 ) (-1152 -482 672 ) (-1152 -482 -240 ) 
4 60 61 (-1024 -482 -240 ) (-1152 -482 -240 ) (-1152 -480 -240 ) (-1024 -480 -240 ) 
4 61 64 (-1152 -482 -496 ) (-1152 -480 -496 ) (-1024 -480 -496 ) (-1024 -482 -496 ) 
4 61 62 (-1152 -482 -496 ) (-1024 -482 -496 ) (-1024 -482 -240 ) (-1152 -482 -240 ) 
4 62 67 (-1024 -1024 -496 ) (-1024 -1024 672 ) (-1152 -1024 672 ) (-1152 -1024 -496 ) 
4 62 64 (-1024 -1024 -496 ) (-1152 -1024 -496 ) (-1152 -482 -496 ) (-1024 -482 -496 ) 
4 63 64 (-1152 -384 -904 ) (-1024 -384 -904 ) (-1024 -384 -512 ) (-1152 -384 -512 ) 
4 64 67 (-1024 -1024 -904 ) (-1024 -1024 -496 ) (-1152 -1024 -496 ) (-1152 -1024 -904 ) 
4 66 67 (-1024 -1024 672 ) (-1024 -1024 -904 ) (-1024 -1280 -904 ) (-1024 -1280 672 ) 
