PRT1
36
60
4 0 3 (3072 2048 -512 ) (3072 2048 512 ) (2048 2048 512 ) (2048 2048 -512 ) 
4 0 1 (2048 2048 -512 ) (2048 2048 512 ) (2048 3072 512 ) (2048 3072 -512 ) 
4 1 5 (2048 2048 -512 ) (2048 2048 512 ) (1024 2048 512 ) (1024 2048 -512 ) 
4 1 2 (1024 3072 512 ) (1024 3072 -512 ) (1024 2048 -512 ) (1024 2048 512 ) 
4 2 9 (0 2048 -512 ) (0 2048 512 ) (0 3072 512 ) (0 3072 -512 ) 
4 2 6 (1024 2048 -512 ) (1024 2048 512 ) (0 2048 512 ) (0 2048 -512 ) 
4 3 5 (2048 2048 512 ) (2048 2048 -512 ) (2048 1024 -512 ) (2048 1024 512 ) 
4 3 4 (3072 1024 -512 ) (3072 1024 512 ) (2048 1024 512 ) (2048 1024 -512 ) 
4 4 18 (3072 0 -512 ) (3072 0 512 ) (2048 0 512 ) (2048 0 -512 ) 
4 4 7 (2048 0 -512 ) (2048 0 512 ) (2048 1024 512 ) (2048 1024 -512 ) 
4 5 7 (2048 1024 -512 ) (2048 1024 512 ) (1024 1024 512 ) (1024 1024 -512 ) 
4 5 6 (1024 2048 512 ) (1024 2048 -512 ) (1024 1024 -512 ) (1024 1024 512 ) 
4 6 11 (0 1024 -512 ) (0 1024 512 ) (0 2048 512 ) (0 2048 -512 ) 
4 6 8 (1024 1024 -512 ) (1024 1024 512 ) (0 1024 512 ) (0 1024 -512 ) 
4 7 20 (2048 0 -512 ) (2048 0 512 ) (1024 0 512 ) (1024 0 -512 ) 
4 7 8 (1024 1024 512 ) (1024 1024 -512 ) (1024 0 -512 ) (1024 0 512 ) 
4 8 21 (1024 0 -512 ) (1024 0 512 ) (0 0 512 ) (0 0 -512 ) 
4 8 13 (0 0 -512 ) (0 0 512 ) (0 1024 512 ) (0 1024 -512 ) 
4 9 11 (0 2048 -512 ) (0 2048 512 ) (-1024 2048 512 ) (-1024 2048 -512 ) 
4 9 10 (-1024 2048 -512 ) (-1024 2048 512 ) (-1024 3072 512 ) (-1024 3072 -512 ) 
4 10 15 (-2048 2048 -512 ) (-2048 2048 512 ) (-2048 3072 512 ) (-2048 3072 -512 ) 
4 10 12 (-1024 2048 -512 ) (-1024 2048 512 ) (-2048 2048 512 ) (-2048 2048 -512 ) 
4 11 13 (0 1024 -512 ) (0 1024 512 ) (-1024 1024 512 ) (-1024 1024 -512 ) 
4 11 12 (-1024 1024 -512 ) (-1024 1024 512 ) (-1024 2048 512 ) (-1024 2048 -512 ) 
4 12 16 (-2048 1024 -512 ) (-2048 1024 512 ) (-2048 2048 512 ) (-2048 2048 -512 ) 
4 12 14 (-2048 1024 512 ) (-2048 1024 -512 ) (-1024 1024 -512 ) (-1024 1024 512 ) 
4 13 27 (0 0 -512 ) (0 0 512 ) (-1024 0 512 ) (-1024 0 -512 ) 
4 13 14 (-1024 1024 512 ) (-1024 1024 -512 ) (-1024 0 -512 ) (-1024 0 512 ) 
4 14 28 (-1024 0 -512 ) (-1024 0 512 ) (-2048 0 512 ) (-2048 0 -512 ) 
4 14 17 (-2048 0 -512 ) (-2048 0 512 ) (-2048 1024 512 ) (-2048 1024 -512 ) 
4 15 16 (-2048 2048 -512 ) (-2048 2048 512 ) (-3072 2048 512 ) (-3072 2048 -512 ) 
4 16 17 (-2048 1024 -512 ) (-2048 1024 512 ) (-3072 1024 512 ) (-3072 1024 -512 ) 
4 17 31 (-2048 0 -512 ) (-2048 0 512 ) (-3072 0 512 ) (-3072 0 -512 ) 
4 18 20 (2048 -1024 -512 ) (2048 -1024 512 ) (2048 0 512 ) (2048 0 -512 ) 
4 18 19 (3072 -1024 -512 ) (3072 -1024 512 ) (2048 -1024 512 ) (2048 -1024 -512 ) 
4 19 24 (3072 -2048 -512 ) (3072 -2048 512 ) (2048 -2048 512 ) (2048 -2048 -512 ) 
4 19 22 (2048 -2048 -512 ) (2048 -2048 512 ) (2048 -1024 512 ) (2048 -1024 -512 ) 
4 20 22 (2048 -1024 -512 ) (2048 -1024 512 ) (1024 -1024 512 ) (1024 -1024 -512 ) 
4 20 21 (1024 -1024 -512 ) (1024 -1024 512 ) (1024 0 512 ) (1024 0 -512 ) 
4 21 27 (0 0 512 ) (0 0 -512 ) (0 -1024 -512 ) (0 -1024 512 ) 
4 21 23 (0 -1024 512 ) (0 -1024 -512 ) (1024 -1024 -512 ) (1024 -1024 512 ) 
4 22 25 (2048 -2048 -512 ) (2048 -2048 512 ) (1024 -2048 512 ) (1024 -2048 -512 ) 
4 22 23 (1024 -1024 512 ) (1024 -1024 -512 ) (1024 -2048 -512 ) (1024 -2048 512 ) 
4 23 29 (0 -2048 -512 ) (0 -2048 512 ) (0 -1024 512 ) (0 -1024 -512 ) 
4 23 26 (1024 -2048 -512 ) (1024 -2048 512 ) (0 -2048 512 ) (0 -2048 -512 ) 
4 24 25 (2048 -2048 512 ) (2048 -2048 -512 ) (2048 -3072 -512 ) (2048 -3072 512 ) 
4 25 26 (1024 -3072 -512 ) (1024 -3072 512 ) (1024 -2048 512 ) (1024 -2048 -512 ) 
4 26 33 (0 -3072 -512 ) (0 -3072 512 ) (0 -2048 512 ) (0 -2048 -512 ) 
4 27 29 (0 -1024 -512 ) (0 -1024 512 ) (-1024 -1024 512 ) (-1024 -1024 -512 ) 
4 27 28 (-1024 0 512 ) (-1024 0 -512 ) (-1024 -1024 -512 ) (-1024 -1024 512 ) 
4 28 31 (-2048 0 512 ) (-2048 0 -512 ) (-2048 -1024 -512 ) (-2048 -1024 512 ) 
4 28 30 (-1024 -1024 -512 ) (-1024 -1024 512 ) (-2048 -1024 512 ) (-2048 -1024 -512 ) 
4 29 33 (0 -2048 -512 ) (0 -2048 512 ) (-1024 -2048 512 ) (-1024 -2048 -512 ) 
4 29 30 (-1024 -1024 512 ) (-1024 -1024 -512 ) (-1024 -2048 -512 ) (-1024 -2048 512 ) 
4 30 34 (-1024 -2048 -512 ) (-1024 -2048 512 ) (-2048 -2048 512 ) (-2048 -2048 -512 ) 
4 30 32 (-2048 -2048 -512 ) (-2048 -2048 512 ) (-2048 -1024 512 ) (-2048 -1024 -512 ) 
4 31 32 (-2048 -1024 -512 ) (-2048 -1024 512 ) (-3072 -1024 512 ) (-3072 -1024 -512 ) 
4 32 35 (-2048 -2048 -512 ) (-2048 -2048 512 ) (-3072 -2048 512 ) (-3072 -2048 -512 ) 
4 33 34 (-1024 -2048 512 ) (-1024 -2048 -512 ) (-1024 -3072 -512 ) (-1024 -3072 512 ) 
4 34 35 (-2048 -2048 512 ) (-2048 -2048 -512 ) (-2048 -3072 -512 ) (-2048 -3072 512 ) 
