PRT1
109
253
4 0 2 (-4096 12288 -904 ) (-4096 12288 672 ) (-4096 13312 672 ) (-4096 13312 -904 ) 
4 0 1 (-4032 12288 -904 ) (-4032 12288 672 ) (-4096 12288 672 ) (-4096 12288 -904 ) 
4 1 59 (-4032 11264 -904 ) (-4032 11264 672 ) (-4096 11264 672 ) (-4096 11264 -904 ) 
4 1 12 (-4096 11264 -904 ) (-4096 11264 672 ) (-4096 12288 672 ) (-4096 12288 -904 ) 
4 2 12 (-4096 12288 -904 ) (-4096 12288 672 ) (-4830 12288 672 ) (-4830 12288 -904 ) 
4 2 5 (-4830 12512 -904 ) (-4830 12288 -904 ) (-4830 12288 -416 ) (-4830 12512 -416 ) 
4 2 4 (-4830 12288 -416 ) (-4830 12288 672 ) (-4830 12512 672 ) (-4830 12512 -416 ) 
4 2 3 (-4830 13312 -904 ) (-4830 12512 -904 ) (-4830 12512 672 ) (-4830 13312 672 ) 
4 3 8 (-4832 12514 -904 ) (-4832 12512 -904 ) (-4832 12512 -240 ) (-4832 12514 -240 ) 
4 3 7 (-4832 12512 -240 ) (-4832 12512 672 ) (-4832 12514 672 ) (-4832 12514 -240 ) 
4 3 6 (-4832 13312 -904 ) (-4832 12514 -904 ) (-4832 12514 672 ) (-4832 13312 672 ) 
4 3 5 (-4832 12512 -416 ) (-4832 12512 -904 ) (-4830 12512 -904 ) (-4830 12512 -416 ) 
4 3 4 (-4832 12512 672 ) (-4832 12512 -416 ) (-4830 12512 -416 ) (-4830 12512 672 ) 
4 4 13 (-4830 12288 672 ) (-4832 12288 672 ) (-4832 12288 -416 ) (-4830 12288 -416 ) 
3 4 10 (-4832 12512 -240 ) (-4832 12512 -416 ) (-4832 12434 -416 ) 
5 4 9 (-4832 12288 -416 ) (-4832 12288 672 ) (-4832 12512 672 ) (-4832 12512 -240 ) (-4832 12434 -416 ) 
4 4 5 (-4832 12288 -416 ) (-4832 12512 -416 ) (-4830 12512 -416 ) (-4830 12288 -416 ) 
4 5 14 (-4832 12288 -416 ) (-4832 12288 -904 ) (-4830 12288 -904 ) (-4830 12288 -416 ) 
4 5 11 (-4832 12512 -904 ) (-4832 12288 -904 ) (-4832 12288 -416 ) (-4832 12512 -416 ) 
4 6 30 (-5120 13312 -512 ) (-5120 13312 -904 ) (-5120 12514 -904 ) (-5120 12514 -512 ) 
4 6 28 (-5120 13312 -496 ) (-5120 13312 -512 ) (-5120 12514 -512 ) (-5120 12514 -496 ) 
4 6 22 (-5120 13312 672 ) (-5120 13312 -496 ) (-5120 12514 -496 ) (-5120 12514 672 ) 
4 6 8 (-5120 12514 -904 ) (-4832 12514 -904 ) (-4832 12514 -240 ) (-5120 12514 -240 ) 
4 6 7 (-4832 12514 -240 ) (-4832 12514 672 ) (-5120 12514 672 ) (-5120 12514 -240 ) 
4 7 23 (-5120 12512 -240 ) (-5120 12512 672 ) (-5120 12514 672 ) (-5120 12514 -240 ) 
4 7 9 (-4832 12512 -240 ) (-4832 12512 672 ) (-5120 12512 672 ) (-5120 12512 -240 ) 
4 7 8 (-4832 12512 -240 ) (-5120 12512 -240 ) (-5120 12514 -240 ) (-4832 12514 -240 ) 
4 8 30 (-5120 12514 -904 ) (-5120 12512 -904 ) (-5120 12512 -512 ) (-5120 12514 -512 ) 
4 8 28 (-5120 12512 -512 ) (-5120 12512 -496 ) (-5120 12514 -496 ) (-5120 12514 -512 ) 
4 8 24 (-5120 12512 -496 ) (-5120 12512 -240 ) (-5120 12514 -240 ) (-5120 12514 -496 ) 
4 8 10 (-4832 12512 -416 ) (-4832 12512 -240 ) (-5120 12512 -240 ) (-5120 12512 -416 ) 
4 8 11 (-5120 12512 -904 ) (-4832 12512 -904 ) (-4832 12512 -416 ) (-5120 12512 -416 ) 
5 9 25 (-5120 12288 -416 ) (-5120 12288 672 ) (-5120 12512 672 ) (-5120 12512 -240 ) (-5120 12434 -416 ) 
4 9 16 (-4832 12288 672 ) (-5120 12288 672 ) (-5120 12288 -416 ) (-4832 12288 -416 ) 
4 9 11 (-5120 12288 -416 ) (-5120 12434 -416 ) (-4832 12434 -416 ) (-4832 12288 -416 ) 
4 9 10 (-4832 12434 -416 ) (-5120 12434 -416 ) (-5120 12512 -240.002991 ) (-4832 12512 -240.002991 ) 
3 10 26 (-5120 12512 -240 ) (-5120 12512 -416 ) (-5120 12434 -416 ) 
4 10 11 (-5120 12434 -416 ) (-5120 12512 -416 ) (-4832 12512 -416 ) (-4832 12434 -416 ) 
4 11 30 (-5120 12512 -904 ) (-5120 12288 -904 ) (-5120 12288 -512 ) (-5120 12512 -512 ) 
4 11 28 (-5120 12288 -512 ) (-5120 12288 -496 ) (-5120 12512 -496 ) (-5120 12512 -512 ) 
4 11 27 (-5120 12288 -496 ) (-5120 12288 -416 ) (-5120 12512 -416 ) (-5120 12512 -496 ) 
4 11 18 (-5120 12288 -416 ) (-5120 12288 -904 ) (-4832 12288 -904 ) (-4832 12288 -416 ) 
4 12 60 (-4096 11264 -904 ) (-4096 11264 672 ) (-4830 11264 672 ) (-4830 11264 -904 ) 
4 12 14 (-4830 12288 -904 ) (-4830 11552 -904 ) (-4830 11552 -416 ) (-4830 12288 -416 ) 
4 12 13 (-4830 11552 -416 ) (-4830 11552 672 ) (-4830 12288 672 ) (-4830 12288 -416 ) 
4 12 15 (-4830 11552 -904 ) (-4830 11264 -904 ) (-4830 11264 672 ) (-4830 11552 672 ) 
3 13 17 (-4832 11552 -416 ) (-4832 11552 -240 ) (-4832 11630 -416 ) 
5 13 16 (-4832 11552 -240 ) (-4832 11552 672 ) (-4832 12288 672 ) (-4832 12288 -416 ) (-4832 11630 -416 ) 
4 13 15 (-4832 11552 672 ) (-4832 11552 -416 ) (-4830 11552 -416 ) (-4830 11552 672 ) 
4 13 14 (-4830 11552 -416 ) (-4832 11552 -416 ) (-4832 12288 -416 ) (-4830 12288 -416 ) 
4 14 18 (-4832 12288 -904 ) (-4832 11552 -904 ) (-4832 11552 -416 ) (-4832 12288 -416 ) 
4 14 15 (-4832 11552 -416 ) (-4832 11552 -904 ) (-4830 11552 -904 ) (-4830 11552 -416 ) 
4 15 60 (-4830 11264 672 ) (-4832 11264 672 ) (-4832 11264 -904 ) (-4830 11264 -904 ) 
4 15 20 (-4832 11552 -904 ) (-4832 11550 -904 ) (-4832 11550 -240 ) (-4832 11552 -240 ) 
4 15 19 (-4832 11550 -240 ) (-4832 11550 672 ) (-4832 11552 672 ) (-4832 11552 -240 ) 
4 15 21 (-4832 11550 -904 ) (-4832 11264 -904 ) (-4832 11264 672 ) (-4832 11550 672 ) 
5 16 40 (-5120 11552 672 ) (-5120 12288 672 ) (-5120 12288 -416 ) (-5120 11630 -416 ) (-5120 11552 -240 ) 
4 16 19 (-4832 11552 -240 ) (-4832 11552 672 ) (-5120 11552 672 ) (-5120 11552 -240 ) 
4 16 18 (-5120 11630 -416 ) (-5120 12288 -416 ) (-4832 12288 -416 ) (-4832 11630 -416 ) 
4 16 17 (-5120 11629.998047 -416 ) (-4832 11629.998047 -416 ) (-4832 11552 -240.004120 ) (-5120 11552 -240.004120 ) 
3 17 41 (-5120 11630 -416 ) (-5120 11552 -416 ) (-5120 11552 -240 ) 
4 17 20 (-4832 11552 -416 ) (-4832 11552 -240 ) (-5120 11552 -240 ) (-5120 11552 -416 ) 
4 17 18 (-4832 11552 -416 ) (-5120 11552 -416 ) (-5120 11630 -416 ) (-4832 11630 -416 ) 
4 18 48 (-5120 12288 -512 ) (-5120 12288 -904 ) (-5120 11552 -904 ) (-5120 11552 -512 ) 
4 18 46 (-5120 12288 -496 ) (-5120 12288 -512 ) (-5120 11552 -512 ) (-5120 11552 -496 ) 
4 18 42 (-5120 12288 -416 ) (-5120 12288 -496 ) (-5120 11552 -496 ) (-5120 11552 -416 ) 
4 18 20 (-5120 11552 -904 ) (-4832 11552 -904 ) (-4832 11552 -416 ) (-5120 11552 -416 ) 
4 19 43 (-5120 11550 672 ) (-5120 11552 672 ) (-5120 11552 -240 ) (-5120 11550 -240 ) 
4 19 21 (-4832 11550 -240 ) (-4832 11550 672 ) (-5120 11550 672 ) (-5120 11550 -240 ) 
4 19 20 (-4832 11550 -240 ) (-5120 11550 -240 ) (-5120 11552 -240 ) (-4832 11552 -240 ) 
4 20 48 (-5120 11552 -512 ) (-5120 11552 -904 ) (-5120 11550 -904 ) (-5120 11550 -512 ) 
4 20 46 (-5120 11552 -496 ) (-5120 11552 -512 ) (-5120 11550 -512 ) (-5120 11550 -496 ) 
4 20 44 (-5120 11552 -240 ) (-5120 11552 -496 ) (-5120 11550 -496 ) (-5120 11550 -240 ) 
4 20 21 (-5120 11550 -904 ) (-4832 11550 -904 ) (-4832 11550 -240 ) (-5120 11550 -240 ) 
4 21 60 (-4832 11264 672 ) (-5120 11264 672 ) (-5120 11264 -904 ) (-4832 11264 -904 ) 
4 21 48 (-5120 11264 -904 ) (-5120 11264 -512 ) (-5120 11550 -512 ) (-5120 11550 -904 ) 
4 21 46 (-5120 11264 -512 ) (-5120 11264 -496 ) (-5120 11550 -496 ) (-5120 11550 -512 ) 
4 21 45 (-5120 11264 -496 ) (-5120 11264 672 ) (-5120 11550 672 ) (-5120 11550 -496 ) 
4 22 31 (-6144 13312 672 ) (-6144 13312 -496 ) (-6144 12514 -496 ) (-6144 12514 672 ) 
4 22 29 (-6144 12514 -496 ) (-6144 13312 -496 ) (-5824 13312 -496 ) (-5824 12514 -496 ) 
4 22 28 (-5824 13312 -496 ) (-5120 13312 -496 ) (-5120 12514 -496 ) (-5824 12514 -496 ) 
4 22 24 (-6144 12514 -496 ) (-5120 12514 -496 ) (-5120 12514 -240 ) (-6144 12514 -240 ) 
4 22 23 (-5120 12514 -240 ) (-5120 12514 672 ) (-6144 12514 672 ) (-6144 12514 -240 ) 
4 23 32 (-6144 12512 -240 ) (-6144 12512 672 ) (-6144 12514 672 ) (-6144 12514 -240 ) 
4 23 25 (-5120 12512 -240 ) (-5120 12512 672 ) (-6144 12512 672 ) (-6144 12512 -240 ) 
4 23 24 (-5120 12512 -240 ) (-6144 12512 -240 ) (-6144 12514 -240 ) (-5120 12514 -240 ) 
4 24 33 (-6144 12514 -496 ) (-6144 12512 -496 ) (-6144 12512 -240 ) (-6144 12514 -240 ) 
4 24 29 (-6144 12512 -496 ) (-6144 12514 -496 ) (-5824 12514 -496 ) (-5824 12512 -496 ) 
4 24 28 (-5824 12514 -496 ) (-5120 12514 -496 ) (-5120 12512 -496 ) (-5824 12512 -496 ) 
4 24 26 (-5120 12512 -416 ) (-5120 12512 -240 ) (-6144 12512 -240 ) (-6144 12512 -416 ) 
4 24 27 (-6144 12512 -496 ) (-5120 12512 -496 ) (-5120 12512 -416 ) (-6144 12512 -416 ) 
4 25 40 (-5120 12288 -416 ) (-5120 12288 672 ) (-6144 12288 672 ) (-6144 12288 -416 ) 
5 25 34 (-6144 12288 -416 ) (-6144 12288 672 ) (-6144 12512 672 ) (-6144 12512 -240 ) (-6144 12434 -416 ) 
4 25 27 (-6144 12288 -416 ) (-6144 12434 -416 ) (-5120 12434 -416 ) (-5120 12288 -416 ) 
4 25 26 (-5120 12434 -416 ) (-6144 12434 -416 ) (-6144 12512 -240.002975 ) (-5120 12512 -240.002991 ) 
3 26 36 (-6144 12512 -240 ) (-6144 12512 -416 ) (-6144 12434 -416 ) 
4 26 27 (-6144 12434 -416 ) (-6144 12512 -416 ) (-5120 12512 -416 ) (-5120 12434 -416 ) 
4 27 42 (-5120 12288 -496 ) (-5120 12288 -416 ) (-6144 12288 -416 ) (-6144 12288 -496 ) 
4 27 37 (-6144 12512 -496 ) (-6144 12398.545898 -496 ) (-6144 12434 -416 ) (-6144 12512 -416 ) 
4 27 34 (-6144 12398.545898 -496 ) (-6144 12288 -496 ) (-6144 12288 -416 ) (-6144 12434 -416 ) 
4 27 29 (-6144 12418 -496 ) (-6144 12512 -496 ) (-5824 12512 -496 ) (-5824 12418 -496 ) 
4 27 28 (-5824 12512 -496 ) (-5120 12512 -496 ) (-5120 12288 -496 ) (-5824 12288 -496 ) 
4 28 46 (-5120 12288 -512 ) (-5120 12288 -496 ) (-5824 12288 -496 ) (-5824 12288 -512 ) 
4 28 30 (-5120 12288 -512 ) (-5824 12288 -512 ) (-5824 13312 -512 ) (-5120 13312 -512 ) 
4 28 29 (-5824 13312 -512 ) (-5824 12418 -512 ) (-5824 12418 -496 ) (-5824 13312 -496 ) 
4 29 38 (-6144 13312 -496 ) (-6144 13312 -512 ) (-6144 12418 -512 ) (-6144 12418 -496 ) 
4 29 30 (-6144 12418 -512 ) (-6144 13312 -512 ) (-5824 13312 -512 ) (-5824 12418 -512 ) 
4 30 48 (-5120 12288 -904 ) (-5120 12288 -512 ) (-6144 12288 -512 ) (-6144 12288 -904 ) 
4 30 39 (-6144 12418 -904 ) (-6144 12288 -904 ) (-6144 12288 -512 ) (-6144 12418 -512 ) 
4 30 38 (-6144 13312 -512 ) (-6144 13312 -904 ) (-6144 12418 -904 ) (-6144 12418 -512 ) 
4 31 38 (-6336 12514 -496 ) (-6336 13312 -496 ) (-6144 13312 -496 ) (-6144 12514 -496 ) 
4 31 33 (-6336 12514 -496 ) (-6144 12514 -496 ) (-6144 12514 -240 ) (-6336 12514 -240 ) 
4 31 32 (-6144 12514 -240 ) (-6144 12514 672 ) (-6336 12514 672 ) (-6336 12514 -240 ) 
4 32 35 (-6316 12512 672 ) (-6336 12512 672 ) (-6336 12512 -240 ) (-6316 12512 -240 ) 
4 32 34 (-6144 12512 -240 ) (-6144 12512 672 ) (-6316 12512 672 ) (-6316 12512 -240 ) 
4 32 33 (-6144 12512 -240 ) (-6336 12512 -240 ) (-6336 12514 -240 ) (-6144 12514 -240 ) 
4 33 38 (-6336 12512 -496 ) (-6336 12514 -496 ) (-6144 12514 -496 ) (-6144 12512 -496 ) 
4 33 37 (-6336 12512 -496 ) (-6144 12512 -496 ) (-6144 12512 -416 ) (-6336 12512 -416 ) 
4 33 36 (-6144 12512 -416 ) (-6144 12512 -240 ) (-6336 12512 -240 ) (-6336 12512 -416 ) 
4 34 49 (-6144 12288 -496 ) (-6144 12288 672 ) (-6336 12288 672 ) (-6336 12288 -496 ) 
4 34 37 (-6144 12398.544922 -496 ) (-6336 12398.544922 -496 ) (-6336 12434 -416 ) (-6144 12434 -416 ) 
5 34 36 (-6336 12434 -416 ) (-6336 12492 -285.130463 ) (-6316 12512 -240.001770 ) (-6144 12512 -240.001770 ) (-6144 12434 -416 ) 
4 34 35 (-6316 12512 672 ) (-6316 12512 -239.996094 ) (-6336 12492 -285.124390 ) (-6336 12492 672 ) 
3 35 36 (-6336 12492 -285.130463 ) (-6336 12512 -240.001770 ) (-6316 12512 -240.001770 ) 
4 36 37 (-6144 12434.001953 -416 ) (-6336 12434.001953 -416 ) (-6336 12512 -416 ) (-6144 12512 -416 ) 
4 37 38 (-6336 12418 -496 ) (-6336 12512 -496 ) (-6144 12512 -496 ) (-6144 12418 -496 ) 
4 38 39 (-6336 12418 -904 ) (-6144 12418 -904 ) (-6144 12418 -512 ) (-6336 12418 -512 ) 
4 39 56 (-6144 12288 -904 ) (-6144 12288 -512 ) (-6336 12288 -512 ) (-6336 12288 -904 ) 
5 40 49 (-6144 12288 672 ) (-6144 12288 -416 ) (-6144 11630 -416 ) (-6144 11552 -240 ) (-6144 11552 672 ) 
4 40 43 (-5120 11552 -240 ) (-5120 11552 672 ) (-6144 11552 672 ) (-6144 11552 -240 ) 
4 40 42 (-6144 11630 -416 ) (-6144 12288 -416 ) (-5120 12288 -416 ) (-5120 11630 -416 ) 
4 40 41 (-6144 11629.998047 -416 ) (-5120 11629.998047 -416 ) (-5120 11552 -240.004120 ) (-6144 11552 -240.004120 ) 
3 41 51 (-6144 11630 -416 ) (-6144 11552 -416 ) (-6144 11552 -240 ) 
4 41 44 (-5120 11552 -416 ) (-5120 11552 -240 ) (-6144 11552 -240 ) (-6144 11552 -416 ) 
4 41 42 (-5120 11552 -416 ) (-6144 11552 -416 ) (-6144 11630 -416 ) (-5120 11630 -416 ) 
4 42 52 (-6144 11665.455078 -496 ) (-6144 11552 -496 ) (-6144 11552 -416 ) (-6144 11630 -416 ) 
4 42 49 (-6144 12288 -416 ) (-6144 12288 -496 ) (-6144 11665.455078 -496 ) (-6144 11630 -416 ) 
4 42 47 (-6144 11552 -496 ) (-6144 11648 -496 ) (-5824 11648 -496 ) (-5824 11552 -496 ) 
4 42 46 (-5824 12288 -496 ) (-5120 12288 -496 ) (-5120 11552 -496 ) (-5824 11552 -496 ) 
4 42 44 (-6144 11552 -496 ) (-5120 11552 -496 ) (-5120 11552 -416 ) (-6144 11552 -416 ) 
4 43 53 (-6144 11550 -240 ) (-6144 11550 672 ) (-6144 11552 672 ) (-6144 11552 -240 ) 
4 43 45 (-5120 11550 -240 ) (-5120 11550 672 ) (-6144 11550 672 ) (-6144 11550 -240 ) 
4 43 44 (-5120 11550 -240 ) (-6144 11550 -240 ) (-6144 11552 -240 ) (-5120 11552 -240 ) 
4 44 54 (-6144 11552 -496 ) (-6144 11550 -496 ) (-6144 11550 -240 ) (-6144 11552 -240 ) 
4 44 47 (-6144 11550 -496 ) (-6144 11552 -496 ) (-5824 11552 -496 ) (-5824 11550 -496 ) 
4 44 46 (-5824 11552 -496 ) (-5120 11552 -496 ) (-5120 11550 -496 ) (-5824 11550 -496 ) 
4 44 45 (-6144 11550 -496 ) (-5120 11550 -496 ) (-5120 11550 -240 ) (-6144 11550 -240 ) 
4 45 61 (-5120 11264 -496 ) (-5120 11264 672 ) (-6144 11264 672 ) (-6144 11264 -496 ) 
4 45 55 (-6144 11550 -496 ) (-6144 11264 -496 ) (-6144 11264 672 ) (-6144 11550 672 ) 
4 45 47 (-5824 11264 -496 ) (-6144 11264 -496 ) (-6144 11550 -496 ) (-5824 11550 -496 ) 
4 45 46 (-5120 11264 -496 ) (-5824 11264 -496 ) (-5824 11550 -496 ) (-5120 11550 -496 ) 
4 46 61 (-5120 11264 -512 ) (-5120 11264 -496 ) (-5824 11264 -496 ) (-5824 11264 -512 ) 
4 46 48 (-5824 12288 -512 ) (-5120 12288 -512 ) (-5120 11264 -512 ) (-5824 11264 -512 ) 
4 46 47 (-5824 11648 -512 ) (-5824 11264 -512 ) (-5824 11264 -496 ) (-5824 11648 -496 ) 
4 47 61 (-5824 11264 -496 ) (-6144 11264 -496 ) (-6144 11264 -512 ) (-5824 11264 -512 ) 
4 47 57 (-6144 11648 -512 ) (-6144 11264 -512 ) (-6144 11264 -496 ) (-6144 11648 -496 ) 
4 47 48 (-5824 11648 -512 ) (-5824 11264 -512 ) (-6144 11264 -512 ) (-6144 11648 -512 ) 
4 48 61 (-5120 11264 -904 ) (-5120 11264 -512 ) (-6144 11264 -512 ) (-6144 11264 -904 ) 
4 48 56 (-6144 12288 -512 ) (-6144 12288 -904 ) (-6144 11648 -904 ) (-6144 11648 -512 ) 
4 48 57 (-6144 11648 -904 ) (-6144 11264 -904 ) (-6144 11264 -512 ) (-6144 11648 -512 ) 
4 49 58 (-6336 12176 -176 ) (-6336 11888 -176 ) (-6336 11888 112 ) (-6336 12176 112 ) 
4 49 53 (-6144 11552 -240 ) (-6144 11552 672 ) (-6316 11552 672 ) (-6316 11552 -240 ) 
4 49 52 (-6336 11665.454102 -496 ) (-6144 11665.454102 -496 ) (-6144 11630 -416 ) (-6336 11630 -416 ) 
5 49 51 (-6144 11630 -416 ) (-6144 11552 -240.001770 ) (-6316 11552 -240.001770 ) (-6336 11572 -285.129730 ) (-6336 11630 -416 ) 
4 49 50 (-6336 11572 -285.127991 ) (-6316 11552 -240 ) (-6316 11552 672 ) (-6336 11572 672 ) 
4 50 53 (-6316 11552 672 ) (-6336 11552 672 ) (-6336 11552 -240 ) (-6316 11552 -240 ) 
3 50 51 (-6316 11552 -240.001770 ) (-6336 11552 -240.001770 ) (-6336 11572 -285.129730 ) 
4 51 54 (-6144 11552 -416 ) (-6144 11552 -240 ) (-6336 11552 -240 ) (-6336 11552 -416 ) 
4 51 52 (-6144 11552 -416 ) (-6336 11552 -416 ) (-6336 11629.998047 -416 ) (-6144 11629.998047 -416 ) 
4 52 57 (-6336 11552 -496 ) (-6336 11648 -496 ) (-6144 11648 -496 ) (-6144 11552 -496 ) 
4 52 54 (-6336 11552 -496 ) (-6144 11552 -496 ) (-6144 11552 -416 ) (-6336 11552 -416 ) 
4 53 55 (-6144 11550 -240 ) (-6144 11550 672 ) (-6336 11550 672 ) (-6336 11550 -240 ) 
4 53 54 (-6144 11550 -240 ) (-6336 11550 -240 ) (-6336 11552 -240 ) (-6144 11552 -240 ) 
4 54 57 (-6336 11550 -496 ) (-6336 11552 -496 ) (-6144 11552 -496 ) (-6144 11550 -496 ) 
4 54 55 (-6336 11550 -496 ) (-6144 11550 -496 ) (-6144 11550 -240 ) (-6336 11550 -240 ) 
4 55 62 (-6144 11264 -496 ) (-6144 11264 672 ) (-6336 11264 672 ) (-6336 11264 -496 ) 
4 55 57 (-6336 11264 -496 ) (-6336 11550 -496 ) (-6144 11550 -496 ) (-6144 11264 -496 ) 
4 56 57 (-6336 11648 -904 ) (-6144 11648 -904 ) (-6144 11648 -512 ) (-6336 11648 -512 ) 
4 57 62 (-6144 11264 -904 ) (-6144 11264 -496 ) (-6336 11264 -496 ) (-6336 11264 -904 ) 
4 59 60 (-4096 11264 672 ) (-4096 11264 -904 ) (-4096 10752 -904 ) (-4096 10752 672 ) 
4 60 61 (-5120 11264 672 ) (-5120 11264 -904 ) (-5120 10752 -904 ) (-5120 10752 672 ) 
4 61 62 (-6144 10752 -904 ) (-6144 10752 672 ) (-6144 11264 672 ) (-6144 11264 -904 ) 
4 63 65 (-10240 14336 -512 ) (-10240 14336 512 ) (-10240 15360 512 ) (-10240 15360 -512 ) 
4 63 64 (-9216 14336 -512 ) (-9216 14336 512 ) (-10240 14336 512 ) (-10240 14336 -512 ) 
4 64 69 (-9216 13312 -512 ) (-9216 13312 512 ) (-10240 13312 512 ) (-10240 13312 -512 ) 
4 64 67 (-10240 13312 -512 ) (-10240 13312 512 ) (-10240 14336 512 ) (-10240 14336 -512 ) 
4 65 67 (-10240 14336 -512 ) (-10240 14336 512 ) (-11264 14336 512 ) (-11264 14336 -512 ) 
4 65 66 (-11264 14336 -512 ) (-11264 14336 512 ) (-11264 15360 512 ) (-11264 15360 -512 ) 
4 66 81 (-12288 14336 -512 ) (-12288 14336 512 ) (-12288 15360 512 ) (-12288 15360 -512 ) 
4 66 68 (-11264 14336 -512 ) (-11264 14336 512 ) (-12288 14336 512 ) (-12288 14336 -512 ) 
4 67 71 (-10240 13312 -512 ) (-10240 13312 512 ) (-11264 13312 512 ) (-11264 13312 -512 ) 
4 67 68 (-11264 14336 512 ) (-11264 14336 -512 ) (-11264 13312 -512 ) (-11264 13312 512 ) 
4 68 83 (-12288 13312 -512 ) (-12288 13312 512 ) (-12288 14336 512 ) (-12288 14336 -512 ) 
4 68 72 (-11264 13312 -512 ) (-11264 13312 512 ) (-12288 13312 512 ) (-12288 13312 -512 ) 
4 69 71 (-10240 13312 512 ) (-10240 13312 -512 ) (-10240 12288 -512 ) (-10240 12288 512 ) 
4 69 70 (-9216 12288 -512 ) (-9216 12288 512 ) (-10240 12288 512 ) (-10240 12288 -512 ) 
4 70 75 (-9216 11264 -512 ) (-9216 11264 512 ) (-10240 11264 512 ) (-10240 11264 -512 ) 
4 70 73 (-10240 11264 -512 ) (-10240 11264 512 ) (-10240 12288 512 ) (-10240 12288 -512 ) 
4 71 73 (-10240 12288 -512 ) (-10240 12288 512 ) (-11264 12288 512 ) (-11264 12288 -512 ) 
4 71 72 (-11264 13312 512 ) (-11264 13312 -512 ) (-11264 12288 -512 ) (-11264 12288 512 ) 
4 72 87 (-12288 12288 -512 ) (-12288 12288 512 ) (-12288 13312 512 ) (-12288 13312 -512 ) 
4 72 74 (-11264 12288 -512 ) (-11264 12288 512 ) (-12288 12288 512 ) (-12288 12288 -512 ) 
4 73 76 (-10240 11264 -512 ) (-10240 11264 512 ) (-11264 11264 512 ) (-11264 11264 -512 ) 
4 73 74 (-11264 12288 512 ) (-11264 12288 -512 ) (-11264 11264 -512 ) (-11264 11264 512 ) 
4 74 89 (-12288 11264 -512 ) (-12288 11264 512 ) (-12288 12288 512 ) (-12288 12288 -512 ) 
4 74 77 (-12288 11264 512 ) (-12288 11264 -512 ) (-11264 11264 -512 ) (-11264 11264 512 ) 
4 75 78 (-9216 10240 -512 ) (-9216 10240 512 ) (-10240 10240 512 ) (-10240 10240 -512 ) 
4 75 76 (-10240 11264 512 ) (-10240 11264 -512 ) (-10240 10240 -512 ) (-10240 10240 512 ) 
4 76 79 (-10240 10240 -512 ) (-10240 10240 512 ) (-11264 10240 512 ) (-11264 10240 -512 ) 
4 76 77 (-11264 10240 -512 ) (-11264 10240 512 ) (-11264 11264 512 ) (-11264 11264 -512 ) 
4 77 93 (-12288 10240 -512 ) (-12288 10240 512 ) (-12288 11264 512 ) (-12288 11264 -512 ) 
4 77 80 (-12288 10240 512 ) (-12288 10240 -512 ) (-11264 10240 -512 ) (-11264 10240 512 ) 
4 78 79 (-10240 10240 512 ) (-10240 10240 -512 ) (-10240 9216 -512 ) (-10240 9216 512 ) 
4 79 80 (-11264 10240 512 ) (-11264 10240 -512 ) (-11264 9216 -512 ) (-11264 9216 512 ) 
4 80 95 (-12288 9216 -512 ) (-12288 9216 512 ) (-12288 10240 512 ) (-12288 10240 -512 ) 
4 81 83 (-12288 14336 -512 ) (-12288 14336 512 ) (-13312 14336 512 ) (-13312 14336 -512 ) 
4 81 82 (-13312 15360 512 ) (-13312 15360 -512 ) (-13312 14336 -512 ) (-13312 14336 512 ) 
4 82 85 (-14336 14336 -512 ) (-14336 14336 512 ) (-14336 15360 512 ) (-14336 15360 -512 ) 
4 82 84 (-14336 14336 512 ) (-14336 14336 -512 ) (-13312 14336 -512 ) (-13312 14336 512 ) 
4 83 87 (-12288 13312 -512 ) (-12288 13312 512 ) (-13312 13312 512 ) (-13312 13312 -512 ) 
4 83 84 (-13312 14336 512 ) (-13312 14336 -512 ) (-13312 13312 -512 ) (-13312 13312 512 ) 
4 84 88 (-13312 13312 -512 ) (-13312 13312 512 ) (-14336 13312 512 ) (-14336 13312 -512 ) 
4 84 86 (-14336 13312 -512 ) (-14336 13312 512 ) (-14336 14336 512 ) (-14336 14336 -512 ) 
4 85 86 (-14336 14336 -512 ) (-14336 14336 512 ) (-15360 14336 512 ) (-15360 14336 -512 ) 
4 86 91 (-14336 13312 -512 ) (-14336 13312 512 ) (-15360 13312 512 ) (-15360 13312 -512 ) 
4 87 89 (-12288 12288 -512 ) (-12288 12288 512 ) (-13312 12288 512 ) (-13312 12288 -512 ) 
4 87 88 (-13312 12288 -512 ) (-13312 12288 512 ) (-13312 13312 512 ) (-13312 13312 -512 ) 
4 88 91 (-14336 12288 -512 ) (-14336 12288 512 ) (-14336 13312 512 ) (-14336 13312 -512 ) 
4 88 90 (-13312 12288 -512 ) (-13312 12288 512 ) (-14336 12288 512 ) (-14336 12288 -512 ) 
4 89 93 (-12288 11264 -512 ) (-12288 11264 512 ) (-13312 11264 512 ) (-13312 11264 -512 ) 
4 89 90 (-13312 12288 512 ) (-13312 12288 -512 ) (-13312 11264 -512 ) (-13312 11264 512 ) 
4 90 94 (-13312 11264 -512 ) (-13312 11264 512 ) (-14336 11264 512 ) (-14336 11264 -512 ) 
4 90 92 (-14336 11264 -512 ) (-14336 11264 512 ) (-14336 12288 512 ) (-14336 12288 -512 ) 
4 91 92 (-14336 12288 -512 ) (-14336 12288 512 ) (-15360 12288 512 ) (-15360 12288 -512 ) 
4 92 97 (-14336 11264 -512 ) (-14336 11264 512 ) (-15360 11264 512 ) (-15360 11264 -512 ) 
4 93 95 (-12288 10240 -512 ) (-12288 10240 512 ) (-13312 10240 512 ) (-13312 10240 -512 ) 
4 93 94 (-13312 11264 512 ) (-13312 11264 -512 ) (-13312 10240 -512 ) (-13312 10240 512 ) 
4 94 97 (-14336 11264 512 ) (-14336 11264 -512 ) (-14336 10240 -512 ) (-14336 10240 512 ) 
4 94 96 (-13312 10240 -512 ) (-13312 10240 512 ) (-14336 10240 512 ) (-14336 10240 -512 ) 
4 95 96 (-13312 9216 -512 ) (-13312 9216 512 ) (-13312 10240 512 ) (-13312 10240 -512 ) 
4 96 98 (-14336 9216 -512 ) (-14336 9216 512 ) (-14336 10240 512 ) (-14336 10240 -512 ) 
4 97 98 (-14336 10240 -512 ) (-14336 10240 512 ) (-15360 10240 512 ) (-15360 10240 -512 ) 
4 99 104 (0 0 -64 ) (0 0 384 ) (0 512 384 ) (0 512 -64 ) 
4 99 101 (512 0 -64 ) (512 0 384 ) (0 0 384 ) (0 0 -64 ) 
4 100 105 (0 0 -448 ) (0 0 -192 ) (0 512 -192 ) (0 512 -448 ) 
4 100 103 (512 0 -448 ) (512 0 -192 ) (0 0 -192 ) (0 0 -448 ) 
4 101 106 (0 0 384 ) (0 0 -64 ) (0 -320 -64 ) (0 -320 384 ) 
4 101 102 (512 -320 -64 ) (512 -320 384 ) (0 -320 384 ) (0 -320 -64 ) 
4 102 107 (0 -320 -128 ) (0 -512 -128 ) (0 -512 384 ) (0 -320 384 ) 
4 103 108 (0 0 -192 ) (0 0 -448 ) (0 -512 -448 ) (0 -512 -192 ) 
4 104 106 (0 0 -64 ) (0 0 384 ) (-512 0 384 ) (-512 0 -64 ) 
4 105 108 (0 0 -448 ) (0 0 -192 ) (-512 0 -192 ) (-512 0 -448 ) 
4 106 107 (0 -320 -64 ) (0 -320 384 ) (-512 -320 384 ) (-512 -320 -64 ) 
